0 info it worked if it ends with ok
1 verbose cli [ '/usr/bin/node', '/usr/bin/npm', 'start' ]
2 info using npm@1.4.28
3 info using node@v0.10.38
4 verbose node symlink /usr/bin/node
5 verbose run-script [ 'prestart', 'start', 'poststart' ]
6 info prestart sense-js@0.0.1-6
7 info start sense-js@0.0.1-6
8 verbose unsafe-perm in lifecycle true
9 info sense-js@0.0.1-6 Failed to exec start script
10 error sense-js@0.0.1-6 start: `node ./app.js`
10 error Exit status 8
11 error Failed at the sense-js@0.0.1-6 start script.
11 error This is most likely a problem with the sense-js package,
11 error not with npm itself.
11 error Tell the author that this fails on your system:
11 error     node ./app.js
11 error You can get their info via:
11 error     npm owner ls sense-js
11 error There is likely additional logging output above.
12 error System Linux 3.16.0-37-generic
13 error command "/usr/bin/node" "/usr/bin/npm" "start"
14 error cwd /home/marcos/projetos/magicpoker
15 error node -v v0.10.38
16 error npm -v 1.4.28
17 error code ELIFECYCLE
18 verbose exit [ 1, true ]
